================================================================================
Extract Max L2 Norm Vision Token Embedding
================================================================================

Checkpoint: molmo_data/checkpoints/train_mlp-only_pixmo_cap_resize_olmo-7b_vit-l-14-336/step12000-unsharded
Target layers: [0, 4, 8, 16, 24, 31]
Number of images: 10

Loading model from molmo_data/checkpoints/train_mlp-only_pixmo_cap_resize_olmo-7b_vit-l-14-336/step12000-unsharded
Detected full checkpoint (28.61 GB)
Loading checkpoint weights...
Loaded 637 parameter tensors
Moving model to GPU (fp16)...
Model loaded on device: cuda

Loading PixMo-Cap validation split...

Processing 10 images...
Processing images:   0%|          | 0/10 [00:00<?, ?it/s]Processing images:  10%|█         | 1/10 [00:01<00:09,  1.10s/it]Processing images:  20%|██        | 2/10 [00:01<00:06,  1.19it/s]Processing images:  30%|███       | 3/10 [00:02<00:05,  1.27it/s]Processing images:  40%|████      | 4/10 [00:03<00:04,  1.31it/s]Processing images:  50%|█████     | 5/10 [00:04<00:04,  1.14it/s]Processing images:  60%|██████    | 6/10 [00:04<00:03,  1.22it/s]Processing images:  70%|███████   | 7/10 [00:05<00:02,  1.30it/s]Processing images:  80%|████████  | 8/10 [00:06<00:01,  1.37it/s]Processing images:  90%|█████████ | 9/10 [00:07<00:00,  1.38it/s]Processing images: 100%|██████████| 10/10 [00:07<00:00,  1.42it/s]Processing images: 100%|██████████| 10/10 [00:07<00:00,  1.30it/s]

================================================================================
Results
================================================================================
Max L2 norm: 742.56 at layer 24
  Image idx: 8, Token idx: 385
  Embedding dim: 4096
  mean=0.1820, std=11.6011
  min=-59.8438, max=42.1562

✓ Saved to analysis_results/max_token_embeddings/train_mlp-only_pixmo_cap_resize_olmo-7b_vit-l-14-336_step12000-unsharded_max_token.json
