================================================================================
Text Token L2 Norm Across Layers (Single-GPU)
================================================================================

Checkpoint: molmo_data/checkpoints/train_mlp-only_pixmo_cap_resize_llama3-8b_dinov2-large-336/step12000-unsharded
Dataset split: validation
Number of images: 10
Target layers: [0, 4, 8, 16, 24, 31]
Histogram bins: 50

Loading model from molmo_data/checkpoints/train_mlp-only_pixmo_cap_resize_llama3-8b_dinov2-large-336/step12000-unsharded
Detected full checkpoint (31.49 GB)
Skipping pretrained weights loading (checkpoint contains all weights)
Loading checkpoint weights...
Loaded 732 parameter tensors from checkpoint
Moving model to GPU (fp16)...
Model loaded on device: cuda

Special token IDs to exclude: [100257, 100278, 100279, 100280, 100281, 128000, 128001, 128256, 128257, 128258, 128259]
Loading PixMo-Cap validation split...

Processing 10 images...
Processing images:   0%|          | 0/10 [00:00<?, ?it/s]Processing images:  10%|█         | 1/10 [00:01<00:12,  1.36s/it]Processing images:  20%|██        | 2/10 [00:02<00:08,  1.04s/it]Processing images:  30%|███       | 3/10 [00:03<00:06,  1.01it/s]Processing images:  40%|████      | 4/10 [00:03<00:05,  1.09it/s]Processing images:  50%|█████     | 5/10 [00:05<00:05,  1.01s/it]Processing images:  60%|██████    | 6/10 [00:05<00:03,  1.08it/s]Processing images:  70%|███████   | 7/10 [00:06<00:02,  1.19it/s]Processing images:  80%|████████  | 8/10 [00:07<00:01,  1.24it/s]Processing images:  90%|█████████ | 9/10 [00:07<00:00,  1.28it/s]Processing images: 100%|██████████| 10/10 [00:08<00:00,  1.32it/s]Processing images: 100%|██████████| 10/10 [00:08<00:00,  1.15it/s]

✓ Saving detailed results to analysis_results/sameToken_acrossLayers_text_l2norm/train_mlp-only_pixmo_cap_resize_llama3-8b_dinov2-large-336_step12000-unsharded/text_l2norm_across_layers_detailed.json...
✓ Saving summary to analysis_results/sameToken_acrossLayers_text_l2norm/train_mlp-only_pixmo_cap_resize_llama3-8b_dinov2-large-336_step12000-unsharded/text_l2norm_across_layers_summary.json...
✓ Saving raw values to analysis_results/sameToken_acrossLayers_text_l2norm/train_mlp-only_pixmo_cap_resize_llama3-8b_dinov2-large-336_step12000-unsharded/text_l2norm_raw_values.json...

================================================================================
Summary: L2 Norm Statistics per Layer (Text Tokens)
================================================================================
Layer      Mean            Std             Min             Max             Samples   
--------------------------------------------------------------------------------
0          0.4658          0.1197          0.2862          0.7488          2350      
4          2.7410          0.3354          1.8127          3.7443          2350      
8          4.9643          0.4440          3.4968          6.4483          2350      
16         9.0150          0.6534          6.0882          10.7821         2350      
24         21.9090         2.0995          13.7853         28.8509         2350      
31         42.1017         3.2122          25.7333         50.3169         2350      
================================================================================

✓ Analysis complete! Results saved to analysis_results/sameToken_acrossLayers_text_l2norm/train_mlp-only_pixmo_cap_resize_llama3-8b_dinov2-large-336_step12000-unsharded
