================================================================================
Text Token L2 Norm Across Layers (Single-GPU)
================================================================================

Checkpoint: molmo_data/checkpoints/train_mlp-only_pixmo_cap_resize_olmo-7b_vit-l-14-336/step12000-unsharded
Dataset split: validation
Number of images: 10
Target layers: [0, 4, 8, 16, 24, 31]
Histogram bins: 50

Loading model from molmo_data/checkpoints/train_mlp-only_pixmo_cap_resize_olmo-7b_vit-l-14-336/step12000-unsharded
Detected full checkpoint (28.61 GB)
Skipping pretrained weights loading (checkpoint contains all weights)
Loading checkpoint weights...
Loaded 637 parameter tensors from checkpoint
Moving model to GPU (fp16)...
Model loaded on device: cuda

Special token IDs to exclude: [100257, 100278, 100279, 100280, 100281]
Loading PixMo-Cap validation split...

Processing 10 images...
Processing images:   0%|          | 0/10 [00:00<?, ?it/s]Processing images:  10%|█         | 1/10 [00:01<00:15,  1.68s/it]Processing images:  20%|██        | 2/10 [00:03<00:12,  1.52s/it]Processing images:  30%|███       | 3/10 [00:04<00:08,  1.25s/it]Processing images:  40%|████      | 4/10 [00:04<00:06,  1.05s/it]Processing images:  50%|█████     | 5/10 [00:05<00:05,  1.10s/it]Processing images:  60%|██████    | 6/10 [00:06<00:03,  1.02it/s]Processing images:  70%|███████   | 7/10 [00:07<00:02,  1.12it/s]Processing images:  80%|████████  | 8/10 [00:08<00:01,  1.19it/s]Processing images:  90%|█████████ | 9/10 [00:08<00:00,  1.25it/s]Processing images: 100%|██████████| 10/10 [00:09<00:00,  1.30it/s]Processing images: 100%|██████████| 10/10 [00:09<00:00,  1.05it/s]

✓ Saving detailed results to analysis_results/sameToken_acrossLayers_text_l2norm/train_mlp-only_pixmo_cap_resize_olmo-7b_vit-l-14-336_step12000-unsharded/text_l2norm_across_layers_detailed.json...
✓ Saving summary to analysis_results/sameToken_acrossLayers_text_l2norm/train_mlp-only_pixmo_cap_resize_olmo-7b_vit-l-14-336_step12000-unsharded/text_l2norm_across_layers_summary.json...
✓ Saving raw values to analysis_results/sameToken_acrossLayers_text_l2norm/train_mlp-only_pixmo_cap_resize_olmo-7b_vit-l-14-336_step12000-unsharded/text_l2norm_raw_values.json...

================================================================================
Summary: L2 Norm Statistics per Layer (Text Tokens)
================================================================================
Layer      Mean            Std             Min             Max             Samples   
--------------------------------------------------------------------------------
0          3.6216          2.3408          1.1367          10.1725         2350      
4          5.5812          2.3674          0.6580          11.4626         2350      
8          8.7808          2.0623          2.3143          14.4697         2350      
16         15.3854         2.1647          2.7106          20.9184         2350      
24         34.6017         3.6231          2.8755          42.3424         2350      
31         65.1471         7.6389          5.2579          148.3360        2350      
================================================================================

✓ Analysis complete! Results saved to analysis_results/sameToken_acrossLayers_text_l2norm/train_mlp-only_pixmo_cap_resize_olmo-7b_vit-l-14-336_step12000-unsharded
